<?xml version="1.0" encoding="UTF-8"?>
<testsuite name="org.itevents.dao.mybatis.util.FilterTechnologySqlBuilderTest" tests="1" skipped="0" failures="0" errors="0" timestamp="2015-12-04T08:45:35" hostname="Desktop" time="0.0">
  <properties/>
  <testcase name="shouldBuildSqlQueryToAddFilterTechnologiesOfGivenFilter" classname="org.itevents.dao.mybatis.util.FilterTechnologySqlBuilderTest" time="0.0"/>
  <system-out><![CDATA[]]></system-out>
  <system-err><![CDATA[]]></system-err>
</testsuite>
