<?xml version="1.0" encoding="UTF-8"?>
<testsuite name="org.itevents.dao.mybatis.util.EventTechnologySqlBuilderTest" tests="2" skipped="0" failures="0" errors="0" timestamp="2015-12-04T08:45:35" hostname="Desktop" time="0.005">
  <properties/>
  <testcase name="shouldReturnEmptyStringIfEventTechnologiesAreAbsent" classname="org.itevents.dao.mybatis.util.EventTechnologySqlBuilderTest" time="0.004"/>
  <testcase name="shouldBuildSqlQueryToAddTechnologiesOfGivenEventJavaToEventTechnologyTable" classname="org.itevents.dao.mybatis.util.EventTechnologySqlBuilderTest" time="0.001"/>
  <system-out><![CDATA[]]></system-out>
  <system-err><![CDATA[]]></system-err>
</testsuite>
