<?xml version="1.0" encoding="UTF-8"?>
<testsuite name="org.itevents.service.transactional.MyBatisFilterServiceTest" tests="3" skipped="0" failures="0" errors="0" timestamp="2015-12-04T08:45:35" hostname="Desktop" time="0.019">
  <properties/>
  <testcase name="shouldFindLasFilterOfSpecifiedUser" classname="org.itevents.service.transactional.MyBatisFilterServiceTest" time="0.013"/>
  <testcase name="shouldFindFilter" classname="org.itevents.service.transactional.MyBatisFilterServiceTest" time="0.002"/>
  <testcase name="shouldGetAllFilters" classname="org.itevents.service.transactional.MyBatisFilterServiceTest" time="0.001"/>
  <system-out><![CDATA[]]></system-out>
  <system-err><![CDATA[дек 04, 2015 10:45:35 AM org.springframework.test.context.support.DefaultTestContextBootstrapper getDefaultTestExecutionListenerClassNames
INFO: Loaded default TestExecutionListener class names from location [META-INF/spring.factories]: [org.springframework.security.test.context.support.WithSecurityContextTestExecutionListener, org.springframework.test.context.web.ServletTestExecutionListener, org.springframework.test.context.support.DependencyInjectionTestExecutionListener, org.springframework.test.context.support.DirtiesContextTestExecutionListener, org.springframework.test.context.transaction.TransactionalTestExecutionListener, org.springframework.test.context.jdbc.SqlScriptsTestExecutionListener]
дек 04, 2015 10:45:35 AM org.springframework.test.context.support.DefaultTestContextBootstrapper getTestExecutionListeners
INFO: Using TestExecutionListeners: [org.springframework.test.context.web.ServletTestExecutionListener@32f8f161, org.springframework.test.context.support.DependencyInjectionTestExecutionListener@1ce3f866, org.springframework.test.context.support.DirtiesContextTestExecutionListener@7e7a874, org.springframework.test.context.transaction.TransactionalTestExecutionListener@2a76d540, org.springframework.test.context.jdbc.SqlScriptsTestExecutionListener@5ff05a96, org.springframework.security.test.context.support.WithSecurityContextTestExecutionListener@5c53a9c6]
]]></system-err>
</testsuite>
